[debug] [2022-04-17T17:03:56.590Z] ----------------------------------------------------------------------
[debug] [2022-04-17T17:03:56.592Z] Command:       C:\Program Files\nodejs\node.exe C:\Users\umair\AppData\Roaming\npm\node_modules\firebase-tools\lib\bin\firebase.js serve
[debug] [2022-04-17T17:03:56.592Z] CLI Version:   10.6.0
[debug] [2022-04-17T17:03:56.592Z] Platform:      win32
[debug] [2022-04-17T17:03:56.592Z] Node Version:  v16.13.2
[debug] [2022-04-17T17:03:56.594Z] Time:          Sun Apr 17 2022 22:03:56 GMT+0500 (Pakistan Standard Time)
[debug] [2022-04-17T17:03:56.594Z] ----------------------------------------------------------------------
[debug] 
[debug] [2022-04-17T17:03:56.663Z] > command requires scopes: ["email","openid","https://www.googleapis.com/auth/cloudplatformprojects.readonly","https://www.googleapis.com/auth/firebase","https://www.googleapis.com/auth/cloud-platform"]
[debug] [2022-04-17T17:03:56.663Z] > authorizing via signed-in user (umair2000yousaf@gmail.com)
[debug] [2022-04-17T17:03:56.663Z] [iam] checking project petnet-7b9da for permissions ["firebase.projects.get"]
[debug] [2022-04-17T17:03:56.666Z] >>> [apiv2][query] POST https://cloudresourcemanager.googleapis.com/v1/projects/petnet-7b9da:testIamPermissions [none]
[debug] [2022-04-17T17:03:56.666Z] >>> [apiv2][body] POST https://cloudresourcemanager.googleapis.com/v1/projects/petnet-7b9da:testIamPermissions {"permissions":["firebase.projects.get"]}
[debug] [2022-04-17T17:03:57.912Z] <<< [apiv2][status] POST https://cloudresourcemanager.googleapis.com/v1/projects/petnet-7b9da:testIamPermissions 200
[debug] [2022-04-17T17:03:57.913Z] <<< [apiv2][body] POST https://cloudresourcemanager.googleapis.com/v1/projects/petnet-7b9da:testIamPermissions {"permissions":["firebase.projects.get"]}
[debug] [2022-04-17T17:03:57.914Z] >>> [apiv2][query] GET https://firebase.googleapis.com/v1beta1/projects/petnet-7b9da [none]
[debug] [2022-04-17T17:03:58.684Z] <<< [apiv2][status] GET https://firebase.googleapis.com/v1beta1/projects/petnet-7b9da 200
[debug] [2022-04-17T17:03:58.685Z] <<< [apiv2][body] GET https://firebase.googleapis.com/v1beta1/projects/petnet-7b9da {"projectId":"petnet-7b9da","projectNumber":"323922971600","displayName":"petnet","name":"projects/petnet-7b9da","resources":{"hostingSite":"petnet-7b9da"},"state":"ACTIVE"}
[info] 
[info] === Serving from 'E:\PetNet\server'...
[info] 
[debug] [2022-04-17T17:03:58.689Z] >>> [apiv2][query] GET https://firebasehosting.googleapis.com/v1beta1/projects/petnet-7b9da/sites 
[info] +  functions: Using node@16 from host. {"metadata":{"emulator":{"name":"functions"},"message":"Using node@16 from host."}}
[debug] [2022-04-17T17:03:58.697Z] defaultcredentials: writing to file C:\Users\umair\AppData\Roaming\firebase\umair2000yousaf_gmail_com_application_default_credentials.json
[debug] [2022-04-17T17:03:58.698Z] Setting GAC to C:\Users\umair\AppData\Roaming\firebase\umair2000yousaf_gmail_com_application_default_credentials.json {"metadata":{"emulator":{"name":"functions"},"message":"Setting GAC to C:\\Users\\umair\\AppData\\Roaming\\firebase\\umair2000yousaf_gmail_com_application_default_credentials.json"}}
[debug] [2022-04-17T17:03:58.699Z] >>> [apiv2][query] GET https://firebase.googleapis.com/v1beta1/projects/petnet-7b9da/adminSdkConfig [none]
[debug] [2022-04-17T17:03:59.393Z] <<< [apiv2][status] GET https://firebase.googleapis.com/v1beta1/projects/petnet-7b9da/adminSdkConfig 200
[debug] [2022-04-17T17:03:59.393Z] <<< [apiv2][body] GET https://firebase.googleapis.com/v1beta1/projects/petnet-7b9da/adminSdkConfig {"projectId":"petnet-7b9da","storageBucket":"petnet-7b9da.appspot.com"}
[debug] [2022-04-17T17:04:00.253Z] <<< [apiv2][status] GET https://firebasehosting.googleapis.com/v1beta1/projects/petnet-7b9da/sites 200
[debug] [2022-04-17T17:04:00.253Z] <<< [apiv2][body] GET https://firebasehosting.googleapis.com/v1beta1/projects/petnet-7b9da/sites {"sites":[{"name":"projects/323922971600/sites/petnet-7b9da","defaultUrl":"https://petnet-7b9da.web.app","type":"DEFAULT_SITE"}]}
[debug] [2022-04-17T17:04:00.253Z] >>> [apiv2][query] GET https://firebase.googleapis.com/v1beta1/projects/petnet-7b9da/webApps/-/config [none]
[debug] [2022-04-17T17:04:01.162Z] <<< [apiv2][status] GET https://firebase.googleapis.com/v1beta1/projects/petnet-7b9da/webApps/-/config 200
[debug] [2022-04-17T17:04:01.162Z] <<< [apiv2][body] GET https://firebase.googleapis.com/v1beta1/projects/petnet-7b9da/webApps/-/config {"projectId":"petnet-7b9da","storageBucket":"petnet-7b9da.appspot.com","apiKey":"AIzaSyDM7Uf42rcM8G_T2UEmfTOeuonUD9Ef8Es","authDomain":"petnet-7b9da.firebaseapp.com","messagingSenderId":"323922971600"}
[info] i  functions: Watching "E:\PetNet\server\functions" for Cloud Functions... {"metadata":{"emulator":{"name":"functions"},"message":"Watching \"E:\\PetNet\\server\\functions\" for Cloud Functions..."}}
[info] i  hosting: Serving hosting files from: public {"metadata":{"emulator":{"name":"hosting"},"message":"Serving hosting files from: \u001b[1mpublic\u001b[22m"}}
[info] +  hosting: Local server: http://localhost:5000 {"metadata":{"emulator":{"name":"hosting"},"message":"Local server: \u001b[4m\u001b[1mhttp://localhost:5000\u001b[22m\u001b[24m"}}
[debug] [2022-04-17T17:04:01.197Z] Validating nodejs source
[debug] [2022-04-17T17:04:05.951Z] > [functions] package.json contents: {
  "name": "functions",
  "description": "Cloud Functions for Firebase",
  "type": "module",
  "scripts": {
    "serve": "firebase emulators:start --only functions",
    "shell": "firebase functions:shell",
    "start": "npm run shell",
    "deploy": "firebase deploy --only functions",
    "logs": "firebase functions:log"
  },
  "engines": {
    "node": "16"
  },
  "main": "index.js",
  "dependencies": {
    "auth0": "^2.40.0",
    "auth0-js": "^9.19.0",
    "bcrypt": "^5.0.1",
    "body-parser": "^1.19.2",
    "dotenv": "^16.0.0",
    "env-cmd": "^10.1.0",
    "esm": "^3.2.25",
    "express": "^4.17.3",
    "express-openid-connect": "^2.7.2",
    "firebase-admin": "^10.0.2",
    "firebase-functions": "^3.18.0",
    "jsonwebtoken": "^8.5.1",
    "mongodb": "^4.4.1",
    "mongoose": "^6.2.7",
    "nodemon": "^2.0.15"
  },
  "devDependencies": {
    "firebase-functions-test": "^0.2.0"
  },
  "private": true
}
[debug] [2022-04-17T17:04:05.951Z] Building nodejs source
[debug] [2022-04-17T17:04:05.952Z] Analyzing nodejs backend spec
[info] i  hosting: 127.0.0.1 - - [17/Apr/2022:17:04:07 +0000] "GET / HTTP/1.1" 200 5992 "-" "Mozilla/5.0 (Windows NT 10.0; Win64; x64) AppleWebKit/537.36 (KHTML, like Gecko) Chrome/100.0.4896.88 Safari/537.36" {"metadata":{"emulator":{"name":"hosting"},"message":"127.0.0.1 - - [17/Apr/2022:17:04:07 +0000] \"GET / HTTP/1.1\" 200 5992 \"-\" \"Mozilla/5.0 (Windows NT 10.0; Win64; x64) AppleWebKit/537.36 (KHTML, like Gecko) Chrome/100.0.4896.88 Safari/537.36\""}}
[debug] [2022-04-17T17:04:07.679Z] >>> [apiv2][query] GET https://www.gstatic.com/firebasejs/9.6.11/firebase-app-compat.js [none]
[debug] [2022-04-17T17:04:07.895Z] >>> [apiv2][query] GET https://www.gstatic.com/firebasejs/9.6.11/firebase-auth-compat.js [none]
[debug] [2022-04-17T17:04:07.987Z] >>> [apiv2][query] GET https://www.gstatic.com/firebasejs/9.6.11/firebase-database-compat.js [none]
[error] 
[error] Error: There was an unknown problem while trying to parse function triggers.
[debug] [2022-04-17T17:04:08.130Z] >>> [apiv2][query] GET https://www.gstatic.com/firebasejs/9.6.11/firebase-firestore-compat.js [none]
[debug] [2022-04-17T17:04:08.132Z] >>> [apiv2][query] GET https://www.gstatic.com/firebasejs/9.6.11/firebase-functions-compat.js [none]
[debug] [2022-04-17T17:04:08.147Z] >>> [apiv2][query] GET https://www.gstatic.com/firebasejs/9.6.11/firebase-messaging-compat.js [none]
[debug] [2022-04-17T17:04:08.275Z] <<< [apiv2][status] GET https://www.gstatic.com/firebasejs/9.6.11/firebase-app-compat.js 200
[debug] [2022-04-17T17:04:08.275Z] <<< [apiv2][body] GET https://www.gstatic.com/firebasejs/9.6.11/firebase-app-compat.js [stream]
[debug] [2022-04-17T17:04:20.357Z] ----------------------------------------------------------------------
[debug] [2022-04-17T17:04:20.360Z] Command:       C:\Program Files\nodejs\node.exe C:\Users\umair\AppData\Roaming\npm\node_modules\firebase-tools\lib\bin\firebase.js serve
[debug] [2022-04-17T17:04:20.360Z] CLI Version:   10.6.0
[debug] [2022-04-17T17:04:20.360Z] Platform:      win32
[debug] [2022-04-17T17:04:20.361Z] Node Version:  v16.13.2
[debug] [2022-04-17T17:04:20.362Z] Time:          Sun Apr 17 2022 22:04:20 GMT+0500 (Pakistan Standard Time)
[debug] [2022-04-17T17:04:20.363Z] ----------------------------------------------------------------------
[debug] 
[debug] [2022-04-17T17:04:20.451Z] > command requires scopes: ["email","openid","https://www.googleapis.com/auth/cloudplatformprojects.readonly","https://www.googleapis.com/auth/firebase","https://www.googleapis.com/auth/cloud-platform"]
[debug] [2022-04-17T17:04:20.452Z] > authorizing via signed-in user (umair2000yousaf@gmail.com)
[debug] [2022-04-17T17:04:20.452Z] [iam] checking project petnet-7b9da for permissions ["firebase.projects.get"]
[debug] [2022-04-17T17:04:20.456Z] >>> [apiv2][query] POST https://cloudresourcemanager.googleapis.com/v1/projects/petnet-7b9da:testIamPermissions [none]
[debug] [2022-04-17T17:04:20.456Z] >>> [apiv2][body] POST https://cloudresourcemanager.googleapis.com/v1/projects/petnet-7b9da:testIamPermissions {"permissions":["firebase.projects.get"]}
[debug] [2022-04-17T17:04:21.083Z] <<< [apiv2][status] POST https://cloudresourcemanager.googleapis.com/v1/projects/petnet-7b9da:testIamPermissions 200
[debug] [2022-04-17T17:04:21.083Z] <<< [apiv2][body] POST https://cloudresourcemanager.googleapis.com/v1/projects/petnet-7b9da:testIamPermissions {"permissions":["firebase.projects.get"]}
[debug] [2022-04-17T17:04:21.084Z] >>> [apiv2][query] GET https://firebase.googleapis.com/v1beta1/projects/petnet-7b9da [none]
[debug] [2022-04-17T17:04:21.784Z] <<< [apiv2][status] GET https://firebase.googleapis.com/v1beta1/projects/petnet-7b9da 200
[debug] [2022-04-17T17:04:21.785Z] <<< [apiv2][body] GET https://firebase.googleapis.com/v1beta1/projects/petnet-7b9da {"projectId":"petnet-7b9da","projectNumber":"323922971600","displayName":"petnet","name":"projects/petnet-7b9da","resources":{"hostingSite":"petnet-7b9da"},"state":"ACTIVE"}
[info] 
[info] === Serving from 'E:\PetNet\server'...
[info] 
[debug] [2022-04-17T17:04:21.791Z] >>> [apiv2][query] GET https://firebasehosting.googleapis.com/v1beta1/projects/petnet-7b9da/sites 
[info] +  functions: Using node@16 from host. {"metadata":{"emulator":{"name":"functions"},"message":"Using node@16 from host."}}
[debug] [2022-04-17T17:04:21.802Z] defaultcredentials: writing to file C:\Users\umair\AppData\Roaming\firebase\umair2000yousaf_gmail_com_application_default_credentials.json
[debug] [2022-04-17T17:04:21.805Z] Setting GAC to C:\Users\umair\AppData\Roaming\firebase\umair2000yousaf_gmail_com_application_default_credentials.json {"metadata":{"emulator":{"name":"functions"},"message":"Setting GAC to C:\\Users\\umair\\AppData\\Roaming\\firebase\\umair2000yousaf_gmail_com_application_default_credentials.json"}}
[debug] [2022-04-17T17:04:21.806Z] >>> [apiv2][query] GET https://firebase.googleapis.com/v1beta1/projects/petnet-7b9da/adminSdkConfig [none]
[debug] [2022-04-17T17:04:22.427Z] <<< [apiv2][status] GET https://firebase.googleapis.com/v1beta1/projects/petnet-7b9da/adminSdkConfig 200
[debug] [2022-04-17T17:04:22.427Z] <<< [apiv2][body] GET https://firebase.googleapis.com/v1beta1/projects/petnet-7b9da/adminSdkConfig {"projectId":"petnet-7b9da","storageBucket":"petnet-7b9da.appspot.com"}
[debug] [2022-04-17T17:04:23.140Z] <<< [apiv2][status] GET https://firebasehosting.googleapis.com/v1beta1/projects/petnet-7b9da/sites 200
[debug] [2022-04-17T17:04:23.140Z] <<< [apiv2][body] GET https://firebasehosting.googleapis.com/v1beta1/projects/petnet-7b9da/sites {"sites":[{"name":"projects/323922971600/sites/petnet-7b9da","defaultUrl":"https://petnet-7b9da.web.app","type":"DEFAULT_SITE"}]}
[debug] [2022-04-17T17:04:23.141Z] >>> [apiv2][query] GET https://firebase.googleapis.com/v1beta1/projects/petnet-7b9da/webApps/-/config [none]
[debug] [2022-04-17T17:04:24.035Z] <<< [apiv2][status] GET https://firebase.googleapis.com/v1beta1/projects/petnet-7b9da/webApps/-/config 200
[debug] [2022-04-17T17:04:24.035Z] <<< [apiv2][body] GET https://firebase.googleapis.com/v1beta1/projects/petnet-7b9da/webApps/-/config {"projectId":"petnet-7b9da","storageBucket":"petnet-7b9da.appspot.com","apiKey":"AIzaSyDM7Uf42rcM8G_T2UEmfTOeuonUD9Ef8Es","authDomain":"petnet-7b9da.firebaseapp.com","messagingSenderId":"323922971600"}
[info] i  functions: Watching "E:\PetNet\server\functions" for Cloud Functions... {"metadata":{"emulator":{"name":"functions"},"message":"Watching \"E:\\PetNet\\server\\functions\" for Cloud Functions..."}}
[info] i  hosting: Serving hosting files from: public {"metadata":{"emulator":{"name":"hosting"},"message":"Serving hosting files from: \u001b[1mpublic\u001b[22m"}}
[info] +  hosting: Local server: http://localhost:5000 {"metadata":{"emulator":{"name":"hosting"},"message":"Local server: \u001b[4m\u001b[1mhttp://localhost:5000\u001b[22m\u001b[24m"}}
[debug] [2022-04-17T17:04:24.066Z] Validating nodejs source
[debug] [2022-04-17T17:04:28.212Z] > [functions] package.json contents: {
  "name": "functions",
  "description": "Cloud Functions for Firebase",
  "type": "module",
  "scripts": {
    "serve": "firebase emulators:start --only functions",
    "shell": "firebase functions:shell",
    "start": "npm run shell",
    "deploy": "firebase deploy --only functions",
    "logs": "firebase functions:log"
  },
  "engines": {
    "node": "16"
  },
  "main": "index.js",
  "dependencies": {
    "auth0": "^2.40.0",
    "auth0-js": "^9.19.0",
    "bcrypt": "^5.0.1",
    "body-parser": "^1.19.2",
    "dotenv": "^16.0.0",
    "env-cmd": "^10.1.0",
    "esm": "^3.2.25",
    "express": "^4.17.3",
    "express-openid-connect": "^2.7.2",
    "firebase-admin": "^10.0.2",
    "firebase-functions": "^3.18.0",
    "jsonwebtoken": "^8.5.1",
    "mongodb": "^4.4.1",
    "mongoose": "^6.2.7",
    "nodemon": "^2.0.15"
  },
  "devDependencies": {
    "firebase-functions-test": "^0.2.0"
  },
  "private": true
}
[debug] [2022-04-17T17:04:28.213Z] Building nodejs source
[debug] [2022-04-17T17:04:28.213Z] Analyzing nodejs backend spec
[error] 
[error] Error: There was an unknown problem while trying to parse function triggers.
[debug] [2022-04-17T17:05:30.038Z] ----------------------------------------------------------------------
[debug] [2022-04-17T17:05:30.040Z] Command:       C:\Program Files\nodejs\node.exe C:\Users\umair\AppData\Roaming\npm\node_modules\firebase-tools\lib\bin\firebase.js serve
[debug] [2022-04-17T17:05:30.041Z] CLI Version:   10.6.0
[debug] [2022-04-17T17:05:30.041Z] Platform:      win32
[debug] [2022-04-17T17:05:30.041Z] Node Version:  v16.13.2
[debug] [2022-04-17T17:05:30.042Z] Time:          Sun Apr 17 2022 22:05:30 GMT+0500 (Pakistan Standard Time)
[debug] [2022-04-17T17:05:30.043Z] ----------------------------------------------------------------------
[debug] 
[debug] [2022-04-17T17:05:30.130Z] > command requires scopes: ["email","openid","https://www.googleapis.com/auth/cloudplatformprojects.readonly","https://www.googleapis.com/auth/firebase","https://www.googleapis.com/auth/cloud-platform"]
[debug] [2022-04-17T17:05:30.130Z] > authorizing via signed-in user (umair2000yousaf@gmail.com)
[debug] [2022-04-17T17:05:30.131Z] [iam] checking project petnet-7b9da for permissions ["firebase.projects.get"]
[debug] [2022-04-17T17:05:30.134Z] >>> [apiv2][query] POST https://cloudresourcemanager.googleapis.com/v1/projects/petnet-7b9da:testIamPermissions [none]
[debug] [2022-04-17T17:05:30.134Z] >>> [apiv2][body] POST https://cloudresourcemanager.googleapis.com/v1/projects/petnet-7b9da:testIamPermissions {"permissions":["firebase.projects.get"]}
[debug] [2022-04-17T17:05:30.770Z] <<< [apiv2][status] POST https://cloudresourcemanager.googleapis.com/v1/projects/petnet-7b9da:testIamPermissions 200
[debug] [2022-04-17T17:05:30.770Z] <<< [apiv2][body] POST https://cloudresourcemanager.googleapis.com/v1/projects/petnet-7b9da:testIamPermissions {"permissions":["firebase.projects.get"]}
[debug] [2022-04-17T17:05:30.772Z] >>> [apiv2][query] GET https://firebase.googleapis.com/v1beta1/projects/petnet-7b9da [none]
[debug] [2022-04-17T17:05:31.402Z] <<< [apiv2][status] GET https://firebase.googleapis.com/v1beta1/projects/petnet-7b9da 200
[debug] [2022-04-17T17:05:31.402Z] <<< [apiv2][body] GET https://firebase.googleapis.com/v1beta1/projects/petnet-7b9da {"projectId":"petnet-7b9da","projectNumber":"323922971600","displayName":"petnet","name":"projects/petnet-7b9da","resources":{"hostingSite":"petnet-7b9da"},"state":"ACTIVE"}
[info] 
[info] === Serving from 'E:\PetNet\server'...
[info] 
[debug] [2022-04-17T17:05:31.407Z] >>> [apiv2][query] GET https://firebasehosting.googleapis.com/v1beta1/projects/petnet-7b9da/sites 
[info] +  functions: Using node@16 from host. {"metadata":{"emulator":{"name":"functions"},"message":"Using node@16 from host."}}
[debug] [2022-04-17T17:05:31.417Z] defaultcredentials: writing to file C:\Users\umair\AppData\Roaming\firebase\umair2000yousaf_gmail_com_application_default_credentials.json
[debug] [2022-04-17T17:05:31.419Z] Setting GAC to C:\Users\umair\AppData\Roaming\firebase\umair2000yousaf_gmail_com_application_default_credentials.json {"metadata":{"emulator":{"name":"functions"},"message":"Setting GAC to C:\\Users\\umair\\AppData\\Roaming\\firebase\\umair2000yousaf_gmail_com_application_default_credentials.json"}}
[debug] [2022-04-17T17:05:31.420Z] >>> [apiv2][query] GET https://firebase.googleapis.com/v1beta1/projects/petnet-7b9da/adminSdkConfig [none]
[debug] [2022-04-17T17:05:32.091Z] <<< [apiv2][status] GET https://firebase.googleapis.com/v1beta1/projects/petnet-7b9da/adminSdkConfig 200
[debug] [2022-04-17T17:05:32.092Z] <<< [apiv2][body] GET https://firebase.googleapis.com/v1beta1/projects/petnet-7b9da/adminSdkConfig {"projectId":"petnet-7b9da","storageBucket":"petnet-7b9da.appspot.com"}
[debug] [2022-04-17T17:05:32.832Z] <<< [apiv2][status] GET https://firebasehosting.googleapis.com/v1beta1/projects/petnet-7b9da/sites 200
[debug] [2022-04-17T17:05:32.832Z] <<< [apiv2][body] GET https://firebasehosting.googleapis.com/v1beta1/projects/petnet-7b9da/sites {"sites":[{"name":"projects/323922971600/sites/petnet-7b9da","defaultUrl":"https://petnet-7b9da.web.app","type":"DEFAULT_SITE"}]}
[debug] [2022-04-17T17:05:32.832Z] >>> [apiv2][query] GET https://firebase.googleapis.com/v1beta1/projects/petnet-7b9da/webApps/-/config [none]
[debug] [2022-04-17T17:05:33.726Z] <<< [apiv2][status] GET https://firebase.googleapis.com/v1beta1/projects/petnet-7b9da/webApps/-/config 200
[debug] [2022-04-17T17:05:33.726Z] <<< [apiv2][body] GET https://firebase.googleapis.com/v1beta1/projects/petnet-7b9da/webApps/-/config {"projectId":"petnet-7b9da","storageBucket":"petnet-7b9da.appspot.com","apiKey":"AIzaSyDM7Uf42rcM8G_T2UEmfTOeuonUD9Ef8Es","authDomain":"petnet-7b9da.firebaseapp.com","messagingSenderId":"323922971600"}
[info] i  functions: Watching "E:\PetNet\server\functions" for Cloud Functions... {"metadata":{"emulator":{"name":"functions"},"message":"Watching \"E:\\PetNet\\server\\functions\" for Cloud Functions..."}}
[info] i  hosting: Serving hosting files from: public {"metadata":{"emulator":{"name":"hosting"},"message":"Serving hosting files from: \u001b[1mpublic\u001b[22m"}}
[info] +  hosting: Local server: http://localhost:5000 {"metadata":{"emulator":{"name":"hosting"},"message":"Local server: \u001b[4m\u001b[1mhttp://localhost:5000\u001b[22m\u001b[24m"}}
[debug] [2022-04-17T17:05:33.758Z] Validating nodejs source
[debug] [2022-04-17T17:05:37.931Z] > [functions] package.json contents: {
  "name": "functions",
  "description": "Cloud Functions for Firebase",
  "type": "module",
  "scripts": {
    "serve": "firebase emulators:start --only functions",
    "shell": "firebase functions:shell",
    "start": "npm run shell",
    "deploy": "firebase deploy --only functions",
    "logs": "firebase functions:log"
  },
  "engines": {
    "node": "16"
  },
  "main": "index.js",
  "dependencies": {
    "auth0": "^2.40.0",
    "auth0-js": "^9.19.0",
    "bcrypt": "^5.0.1",
    "body-parser": "^1.19.2",
    "dotenv": "^16.0.0",
    "env-cmd": "^10.1.0",
    "esm": "^3.2.25",
    "express": "^4.17.3",
    "express-openid-connect": "^2.7.2",
    "firebase-admin": "^10.0.2",
    "firebase-functions": "^3.18.0",
    "jsonwebtoken": "^8.5.1",
    "mongodb": "^4.4.1",
    "mongoose": "^6.2.7",
    "nodemon": "^2.0.15"
  },
  "devDependencies": {
    "firebase-functions-test": "^0.2.0"
  },
  "private": true
}
[debug] [2022-04-17T17:05:37.932Z] Building nodejs source
[debug] [2022-04-17T17:05:37.932Z] Analyzing nodejs backend spec
[error] 
[error] Error: There was an unknown problem while trying to parse function triggers.
